app/build/outputs/logs/manifest-merger-release-report.txt
-- Merging decision tree log ---
manifest
ADDED from src\main\AndroidManifest.xml:16:1-45:12
	package
		ADDED from src\main\AndroidManifest.xml:17:7-50
		INJECTED from src\main\AndroidManifest.xml
		INJECTED from src\main\AndroidManifest.xml
	android:versionName
		ADDED from src\main\AndroidManifest.xml:19:7-32
		INJECTED from src\main\AndroidManifest.xml
		INJECTED from src\main\AndroidManifest.xml
	android:versionCode
		ADDED from src\main\AndroidManifest.xml:18:7-30
		INJECTED from src\main\AndroidManifest.xml
		INJECTED from src\main\AndroidManifest.xml
	xmlns:android
		ADDED from src\main\AndroidManifest.xml:16:11-69
uses-sdk
ADDED from src\main\AndroidManifest.xml:20:4-21:40
	android:targetSdkVersion
		ADDED from src\main\AndroidManifest.xml:21:8-37
		INJECTED from src\main\AndroidManifest.xml
		INJECTED from src\main\AndroidManifest.xml
	android:minSdkVersion
		ADDED from src\main\AndroidManifest.xml:20:14-39
		INJECTED from src\main\AndroidManifest.xml
		INJECTED from src\main\AndroidManifest.xml
uses-permission#android.permission.BLUETOOTH_ADMIN
ADDED from src\main\AndroidManifest.xml:22:5-74
	android:name
		ADDED from src\main\AndroidManifest.xml:22:22-71
uses-permission#android.permission.BLUETOOTH
ADDED from src\main\AndroidManifest.xml:23:5-68
	android:name
		ADDED from src\main\AndroidManifest.xml:23:22-65
uses-feature#android.hardware.camera
ADDED from src\main\AndroidManifest.xml:24:5-25:35
	android:required
		ADDED from src\main\AndroidManifest.xml:25:9-32
	android:name
		ADDED from src\main\AndroidManifest.xml:24:19-57
uses-permission#android.permission.WRITE_EXTERNAL_STORAGE
ADDED from src\main\AndroidManifest.xml:26:5-81
	android:name
		ADDED from src\main\AndroidManifest.xml:26:22-78
application
ADDED from src\main\AndroidManifest.xml:28:5-44:19
	android:label
		ADDED from src\main\AndroidManifest.xml:28:18-50
	android:icon
		ADDED from src\main\AndroidManifest.xml:29:18-51
activity#com.example.android.BluetoothChat.BluetoothChat
ADDED from src\main\AndroidManifest.xml:30:9-37:20
	android:label
		ADDED from src\main\AndroidManifest.xml:31:19-51
	android:configChanges
		ADDED from src\main\AndroidManifest.xml:32:19-69
	android:name
		ADDED from src\main\AndroidManifest.xml:30:19-48
intent-filter#android.intent.action.MAIN+android.intent.category.LAUNCHER
ADDED from src\main\AndroidManifest.xml:33:13-36:29
action#android.intent.action.MAIN
ADDED from src\main\AndroidManifest.xml:34:17-69
	android:name
		ADDED from src\main\AndroidManifest.xml:34:25-66
category#android.intent.category.LAUNCHER
ADDED from src\main\AndroidManifest.xml:35:17-77
	android:name
		ADDED from src\main\AndroidManifest.xml:35:27-74
activity#com.example.android.BluetoothChat.DeviceListActivity
ADDED from src\main\AndroidManifest.xml:38:9-42:70
	android:label
		ADDED from src\main\AndroidManifest.xml:40:14-51
	android:configChanges
		ADDED from src\main\AndroidManifest.xml:42:17-67
	android:theme
		ADDED from src\main\AndroidManifest.xml:41:17-65
	android:name
		ADDED from src\main\AndroidManifest.xml:39:14-48